<?xml version="1.0" encoding="UTF-8"?>
<robot generator="Robot 5.0.1 (Python 3.10.7 on win32)" generated="20240313 19:32:11.045" rpa="false" schemaversion="3">
<suite id="s1" name="Desafio1 Testes" source="c:\Users\admin\Desktop\QA - MATERIAIS\AlaneAlmeida_Desafio1Lekto\WebTesting\Desafio1\desafio1_testes.robot">
<test id="s1-t1" name="Caso de Teste 01 - Agendar uma apresentação - Educador" line="13">
<kw name="Open Browser" library="SeleniumLibrary" type="SETUP">
<doc>Opens a new browser instance to the optional ``url``.</doc>
<msg timestamp="20240313 19:32:12.447" level="INFO">Opening browser 'firefox' to base url 'None'.</msg>
<msg timestamp="20240313 19:32:12.452" level="INFO">Firefox driver log is always forced to to: C:\Users\admin\Desktop\QA - MATERIAIS\AlaneAlmeida_Desafio1Lekto\WebTesting\Desafio1\geckodriver-2.log</msg>
<status status="PASS" starttime="20240313 19:32:12.446" endtime="20240313 19:32:18.560"/>
</kw>
<kw name="Acessar o home page do site https://www.lekto.com.br/" library="desafio1_resources">
<kw name="Maximize Browser Window" library="SeleniumLibrary">
<doc>Maximizes current browser window.</doc>
<status status="PASS" starttime="20240313 19:32:18.563" endtime="20240313 19:32:18.828"/>
</kw>
<kw name="Go To" library="SeleniumLibrary">
<arg>url=https://www.lekto.com.br/</arg>
<doc>Navigates the current browser window to the provided ``url``.</doc>
<msg timestamp="20240313 19:32:18.828" level="INFO">Opening url 'https://www.lekto.com.br/'</msg>
<status status="PASS" starttime="20240313 19:32:18.828" endtime="20240313 19:32:25.152"/>
</kw>
<status status="PASS" starttime="20240313 19:32:18.562" endtime="20240313 19:32:25.153"/>
</kw>
<kw name="Clicar no botão &quot;Agende uma Apresentação&quot;" library="desafio1_resources">
<kw name="Click Element" library="SeleniumLibrary">
<arg>${BtnAgendeUmaApresentacao1}</arg>
<doc>Click the element identified by ``locator``.</doc>
<msg timestamp="20240313 19:32:25.156" level="INFO">Clicking element '(//a[contains(.,'Agende uma Apresentação')])[1]'.</msg>
<msg timestamp="20240313 19:32:25.224" level="WARN">Keyword 'Capture Page Screenshot' could not be run on failure: Message: WebDriver session does not exist, or is not active
Stacktrace:
RemoteError@chrome://remote/content/shared/RemoteError.sys.mjs:8:8
WebDriverError@chrome://remote/content/shared/webdriver/Errors.sys.mjs:191:5
InvalidSessionIDError@chrome://remote/content/shared/webdriver/Errors.sys.mjs:446:5
assert.that/&lt;@chrome://remote/content/shared/webdriver/Assert.sys.mjs:485:13
assert.session@chrome://remote/content/shared/webdriver/Assert.sys.mjs:37:4
despatch@chrome://remote/content/marionette/server.sys.mjs:315:19
execute@chrome://remote/content/marionette/server.sys.mjs:289:16
onPacket/&lt;@chrome://remote/content/marionette/server.sys.mjs:262:20
onPacket@chrome://remote/content/marionette/server.sys.mjs:263:9
_onJSONObjectReady/&lt;@chrome://remote/content/marionette/transport.sys.mjs:494:20
</msg>
<msg timestamp="20240313 19:32:25.245" level="FAIL">NoSuchWindowException: Message: Browsing context has been discarded
Stacktrace:
RemoteError@chrome://remote/content/shared/RemoteError.sys.mjs:8:8
WebDriverError@chrome://remote/content/shared/webdriver/Errors.sys.mjs:191:5
NoSuchWindowError@chrome://remote/content/shared/webdriver/Errors.sys.mjs:662:5
assert.that/&lt;@chrome://remote/content/shared/webdriver/Assert.sys.mjs:485:13
assert.open@chrome://remote/content/shared/webdriver/Assert.sys.mjs:147:4
GeckoDriver.prototype.findElements@chrome://remote/content/marionette/driver.sys.mjs:1572:15
despatch@chrome://remote/content/marionette/server.sys.mjs:318:40
execute@chrome://remote/content/marionette/server.sys.mjs:289:16
onPacket/&lt;@chrome://remote/content/marionette/server.sys.mjs:262:20
onPacket@chrome://remote/content/marionette/server.sys.mjs:263:9
_onJSONObjectReady/&lt;@chrome://remote/content/marionette/transport.sys.mjs:494:20
</msg>
<status status="FAIL" starttime="20240313 19:32:25.155" endtime="20240313 19:32:25.250"/>
</kw>
<status status="FAIL" starttime="20240313 19:32:25.154" endtime="20240313 19:32:25.252"/>
</kw>
<kw name="Preencher o campo Nome" library="desafio1_resources">
<status status="NOT RUN" starttime="20240313 19:32:25.254" endtime="20240313 19:32:25.255"/>
</kw>
<kw name="Selecionar a opção" library="desafio1_resources">
<arg>EDUCADOR</arg>
<status status="NOT RUN" starttime="20240313 19:32:25.255" endtime="20240313 19:32:25.256"/>
</kw>
<kw name="Preencher o campo E-mail" library="desafio1_resources">
<status status="NOT RUN" starttime="20240313 19:32:25.256" endtime="20240313 19:32:25.257"/>
</kw>
<kw name="Preencher o campo Telefone" library="desafio1_resources">
<status status="NOT RUN" starttime="20240313 19:32:25.257" endtime="20240313 19:32:25.258"/>
</kw>
<kw name="Preencher o campo Mensagem" library="desafio1_resources">
<status status="NOT RUN" starttime="20240313 19:32:25.258" endtime="20240313 19:32:25.259"/>
</kw>
<kw name="Clicar no botão &quot;Quero a Lekto na minha escola&quot;" library="desafio1_resources">
<status status="NOT RUN" starttime="20240313 19:32:25.259" endtime="20240313 19:32:25.260"/>
</kw>
<kw name="Validar mensagem de agendamento" library="desafio1_resources">
<status status="NOT RUN" starttime="20240313 19:32:25.261" endtime="20240313 19:32:25.262"/>
</kw>
<kw name="Close Browser" library="SeleniumLibrary" type="TEARDOWN">
<doc>Closes the current browser.</doc>
<status status="PASS" starttime="20240313 19:32:25.264" endtime="20240313 19:32:25.307"/>
</kw>
<doc>Esse teste realiza o agendamento de uma apresentação.
Obs.:clicando no primeiro botão exibido "Agende uma Apresentação"</doc>
<status status="FAIL" starttime="20240313 19:32:12.444" endtime="20240313 19:32:25.308">NoSuchWindowException: Message: Browsing context has been discarded
Stacktrace:
RemoteError@chrome://remote/content/shared/RemoteError.sys.mjs:8:8
WebDriverError@chrome://remote/content/shared/webdriver/Errors.sys.mjs:191:5
NoSuchWindowError@chrome://remote/content/shared/webdriver/Errors.sys.mjs:662:5
assert.that/&lt;@chrome://remote/content/shared/webdriver/Assert.sys.mjs:485:13
assert.open@chrome://remote/content/shared/webdriver/Assert.sys.mjs:147:4
GeckoDriver.prototype.findElements@chrome://remote/content/marionette/driver.sys.mjs:1572:15
despatch@chrome://remote/content/marionette/server.sys.mjs:318:40
execute@chrome://remote/content/marionette/server.sys.mjs:289:16
onPacket/&lt;@chrome://remote/content/marionette/server.sys.mjs:262:20
onPacket@chrome://remote/content/marionette/server.sys.mjs:263:9
_onJSONObjectReady/&lt;@chrome://remote/content/marionette/transport.sys.mjs:494:20
</status>
</test>
<doc>Essa suíte testa o site https://www.lekto.com.br/ - Agende uma apresentção.</doc>
<status status="FAIL" starttime="20240313 19:32:11.056" endtime="20240313 19:32:25.315"/>
</suite>
<statistics>
<total>
<stat pass="0" fail="1" skip="0">All Tests</stat>
</total>
<tag>
</tag>
<suite>
<stat pass="0" fail="1" skip="0" id="s1" name="Desafio1 Testes">Desafio1 Testes</stat>
</suite>
</statistics>
<errors>
<msg timestamp="20240313 19:32:25.224" level="WARN">Keyword 'Capture Page Screenshot' could not be run on failure: Message: WebDriver session does not exist, or is not active
Stacktrace:
RemoteError@chrome://remote/content/shared/RemoteError.sys.mjs:8:8
WebDriverError@chrome://remote/content/shared/webdriver/Errors.sys.mjs:191:5
InvalidSessionIDError@chrome://remote/content/shared/webdriver/Errors.sys.mjs:446:5
assert.that/&lt;@chrome://remote/content/shared/webdriver/Assert.sys.mjs:485:13
assert.session@chrome://remote/content/shared/webdriver/Assert.sys.mjs:37:4
despatch@chrome://remote/content/marionette/server.sys.mjs:315:19
execute@chrome://remote/content/marionette/server.sys.mjs:289:16
onPacket/&lt;@chrome://remote/content/marionette/server.sys.mjs:262:20
onPacket@chrome://remote/content/marionette/server.sys.mjs:263:9
_onJSONObjectReady/&lt;@chrome://remote/content/marionette/transport.sys.mjs:494:20
</msg>
</errors>
</robot>
